Thu Jul 14 15:09:54 PDT 2016
srun: defined options for program `srun'
srun: --------------- ---------------------
srun: user           : `npadmana'
srun: uid            : 41374
srun: gid            : 41374
srun: cwd            : /global/u2/n/npadmana/edison/myWork/github.com/Kernels/timings/MPI1/Transpose
srun: ntasks         : 1536 (set)
srun: nodes          : 64 (set)
srun: jobid          : 1147718 (default)
srun: partition      : default
srun: profile        : `NotSet'
srun: job name       : `transpose_mpi_0064'
srun: reservation    : `(null)'
srun: burst_buffer   : `(null)'
srun: wckey          : `(null)'
srun: cpu_freq_min   : 4294967294
srun: cpu_freq_max   : 4294967294
srun: cpu_freq_gov   : 4294967294
srun: switches       : -1
srun: wait-for-switches : -1
srun: distribution   : unknown
srun: cpu_bind       : default
srun: mem_bind       : default
srun: verbose        : 1
srun: slurmd_debug   : 0
srun: immediate      : false
srun: label output   : false
srun: unbuffered IO  : false
srun: overcommit     : false
srun: threads        : 60
srun: checkpoint_dir : /var/slurm/checkpoint
srun: wait           : 0
srun: nice           : -2
srun: account        : (null)
srun: comment        : (null)
srun: dependency     : (null)
srun: exclusive      : false
srun: bcast          : false
srun: qos            : (null)
srun: constraints    : mem-per-node=64523M 
srun: geometry       : (null)
srun: reboot         : yes
srun: rotate         : no
srun: preserve_env   : false
srun: network        : (null)
srun: propagate      : NONE
srun: prolog         : (null)
srun: epilog         : (null)
srun: mail_type      : NONE
srun: mail_user      : (null)
srun: task_prolog    : (null)
srun: task_epilog    : (null)
srun: multi_prog     : no
srun: sockets-per-node  : -2
srun: cores-per-socket  : -2
srun: threads-per-core  : -2
srun: ntasks-per-node   : -2
srun: ntasks-per-socket : -2
srun: ntasks-per-core   : -2
srun: plane_size        : 4294967294
srun: core-spec         : NA
srun: power             : 
srun: sicp              : 0
srun: remote command    : `../../../MPI1/Transpose/transpose 25 49152'
srun: Consumable Resources (CR) Node Selection plugin loaded with argument 50
srun: launching 1147718.0 on host nid00025, 24 tasks: [0-23]
srun: launching 1147718.0 on host nid00026, 24 tasks: [24-47]
srun: launching 1147718.0 on host nid00027, 24 tasks: [48-71]
srun: launching 1147718.0 on host nid00028, 24 tasks: [72-95]
srun: launching 1147718.0 on host nid00029, 24 tasks: [96-119]
srun: launching 1147718.0 on host nid00030, 24 tasks: [120-143]
srun: launching 1147718.0 on host nid00031, 24 tasks: [144-167]
srun: launching 1147718.0 on host nid00032, 24 tasks: [168-191]
srun: launching 1147718.0 on host nid00033, 24 tasks: [192-215]
srun: launching 1147718.0 on host nid00034, 24 tasks: [216-239]
srun: launching 1147718.0 on host nid00035, 24 tasks: [240-263]
srun: launching 1147718.0 on host nid00036, 24 tasks: [264-287]
srun: launching 1147718.0 on host nid00037, 24 tasks: [288-311]
srun: launching 1147718.0 on host nid00038, 24 tasks: [312-335]
srun: launching 1147718.0 on host nid00039, 24 tasks: [336-359]
srun: launching 1147718.0 on host nid00040, 24 tasks: [360-383]
srun: launching 1147718.0 on host nid00101, 24 tasks: [384-407]
srun: launching 1147718.0 on host nid00102, 24 tasks: [408-431]
srun: launching 1147718.0 on host nid00103, 24 tasks: [432-455]
srun: launching 1147718.0 on host nid00104, 24 tasks: [456-479]
srun: launching 1147718.0 on host nid00105, 24 tasks: [480-503]
srun: launching 1147718.0 on host nid00106, 24 tasks: [504-527]
srun: launching 1147718.0 on host nid00107, 24 tasks: [528-551]
srun: launching 1147718.0 on host nid00108, 24 tasks: [552-575]
srun: launching 1147718.0 on host nid00109, 24 tasks: [576-599]
srun: launching 1147718.0 on host nid00125, 24 tasks: [600-623]
srun: launching 1147718.0 on host nid00126, 24 tasks: [624-647]
srun: launching 1147718.0 on host nid00127, 24 tasks: [648-671]
srun: launching 1147718.0 on host nid00136, 24 tasks: [672-695]
srun: launching 1147718.0 on host nid00137, 24 tasks: [696-719]
srun: launching 1147718.0 on host nid00138, 24 tasks: [720-743]
srun: launching 1147718.0 on host nid00139, 24 tasks: [744-767]
srun: launching 1147718.0 on host nid00140, 24 tasks: [768-791]
srun: launching 1147718.0 on host nid00141, 24 tasks: [792-815]
srun: launching 1147718.0 on host nid00142, 24 tasks: [816-839]
srun: launching 1147718.0 on host nid00365, 24 tasks: [840-863]
srun: launching 1147718.0 on host nid00366, 24 tasks: [864-887]
srun: launching 1147718.0 on host nid00367, 24 tasks: [888-911]
srun: launching 1147718.0 on host nid00368, 24 tasks: [912-935]
srun: launching 1147718.0 on host nid00369, 24 tasks: [936-959]
srun: launching 1147718.0 on host nid00370, 24 tasks: [960-983]
srun: launching 1147718.0 on host nid00371, 24 tasks: [984-1007]
srun: launching 1147718.0 on host nid00372, 24 tasks: [1008-1031]
srun: launching 1147718.0 on host nid00373, 24 tasks: [1032-1055]
srun: launching 1147718.0 on host nid00374, 24 tasks: [1056-1079]
srun: launching 1147718.0 on host nid00375, 24 tasks: [1080-1103]
srun: launching 1147718.0 on host nid00376, 24 tasks: [1104-1127]
srun: launching 1147718.0 on host nid00377, 24 tasks: [1128-1151]
srun: launching 1147718.0 on host nid00378, 24 tasks: [1152-1175]
srun: launching 1147718.0 on host nid00379, 24 tasks: [1176-1199]
srun: launching 1147718.0 on host nid00380, 24 tasks: [1200-1223]
srun: launching 1147718.0 on host nid00381, 24 tasks: [1224-1247]
srun: launching 1147718.0 on host nid00382, 24 tasks: [1248-1271]
srun: launching 1147718.0 on host nid00383, 24 tasks: [1272-1295]
srun: launching 1147718.0 on host nid00388, 24 tasks: [1296-1319]
srun: launching 1147718.0 on host nid00389, 24 tasks: [1320-1343]
srun: launching 1147718.0 on host nid00390, 24 tasks: [1344-1367]
srun: launching 1147718.0 on host nid00533, 24 tasks: [1368-1391]
srun: launching 1147718.0 on host nid00534, 24 tasks: [1392-1415]
srun: launching 1147718.0 on host nid00535, 24 tasks: [1416-1439]
srun: launching 1147718.0 on host nid00536, 24 tasks: [1440-1463]
srun: launching 1147718.0 on host nid00537, 24 tasks: [1464-1487]
srun: launching 1147718.0 on host nid00538, 24 tasks: [1488-1511]
srun: launching 1147718.0 on host nid00539, 24 tasks: [1512-1535]
srun: route default plugin loaded
srun: Node nid00109, 24 tasks started
srun: Node nid00539, 24 tasks started
srun: Node nid00027, 24 tasks started
srun: Node nid00136, 24 tasks started
srun: Node nid00535, 24 tasks started
srun: Node nid00038, 24 tasks started
srun: Node nid00106, 24 tasks started
srun: Node nid00035, 24 tasks started
srun: Node nid00108, 24 tasks started
srun: Node nid00107, 24 tasks started
srun: Node nid00125, 24 tasks started
srun: Node nid00039, 24 tasks started
srun: Node nid00538, 24 tasks started
srun: Node nid00040, 24 tasks started
srun: Node nid00030, 24 tasks started
srun: Node nid00104, 24 tasks started
srun: Node nid00037, 24 tasks started
srun: Node nid00103, 24 tasks started
srun: Node nid00127, 24 tasks started
srun: Node nid00533, 24 tasks started
srun: Node nid00033, 24 tasks started
srun: Node nid00032, 24 tasks started
srun: Node nid00138, 24 tasks started
srun: Node nid00534, 24 tasks started
srun: Node nid00101, 24 tasks started
srun: Node nid00536, 24 tasks started
srun: Node nid00031, 24 tasks started
srun: Node nid00126, 24 tasks started
srun: Node nid00137, 24 tasks started
srun: Node nid00029, 24 tasks started
srun: Node nid00105, 24 tasks started
srun: Node nid00389, 24 tasks started
srun: Node nid00140, 24 tasks started
srun: Node nid00139, 24 tasks started
srun: Node nid00034, 24 tasks started
srun: Node nid00380, 24 tasks started
srun: Node nid00378, 24 tasks started
srun: Node nid00537, 24 tasks started
srun: Node nid00036, 24 tasks started
srun: Node nid00102, 24 tasks started
srun: Node nid00028, 24 tasks started
srun: Node nid00379, 24 tasks started
srun: Node nid00372, 24 tasks started
srun: Node nid00371, 24 tasks started
srun: Node nid00383, 24 tasks started
srun: Node nid00381, 24 tasks started
srun: Node nid00374, 24 tasks started
srun: Node nid00141, 24 tasks started
srun: Node nid00365, 24 tasks started
srun: Node nid00366, 24 tasks started
srun: Node nid00142, 24 tasks started
srun: Node nid00377, 24 tasks started
srun: Node nid00026, 24 tasks started
srun: Node nid00367, 24 tasks started
srun: Node nid00375, 24 tasks started
srun: Node nid00388, 24 tasks started
srun: Node nid00369, 24 tasks started
srun: Node nid00370, 24 tasks started
srun: Node nid00376, 24 tasks started
srun: Node nid00382, 24 tasks started
srun: Node nid00373, 24 tasks started
srun: Node nid00368, 24 tasks started
srun: Node nid00390, 24 tasks started
srun: Node nid00025, 24 tasks started
Parallel Research Kernels version 2.16
MPI matrix transpose: B = A^T
Number of ranks      = 1536
Matrix order         = 49152
Number of iterations = 25
Tile size            = 32
Non-Blocking messages
Solution validates
Rate (MB/s): 262158.297682 Avg time (s): 0.147448
srun: Received task exit notification for 24 tasks (status=0x0000).
srun: nid00103: tasks 432-455: Completed
srun: Received task exit notification for 24 tasks (status=0x0000).
srun: nid00533: tasks 1368-1391: Completed
srun: Received task exit notification for 24 tasks (status=0x0000).
srun: nid00536: tasks 1440-1463: Completed
srun: Received task exit notification for 24 tasks (status=0x0000).
srun: nid00104: tasks 456-479: Completed
srun: Received task exit notification for 24 tasks (status=0x0000).
srun: nid00136: tasks 672-695: Completed
srun: Received task exit notification for 24 tasks (status=0x0000).
srun: nid00029: tasks 96-119: Completed
srun: Received task exit notification for 24 tasks (status=0x0000).
srun: nid00105: tasks 480-503: Completed
srun: Received task exit notification for 24 tasks (status=0x0000).
srun: nid00033: tasks 192-215: Completed
srun: Received task exit notification for 24 tasks (status=0x0000).
srun: nid00535: tasks 1416-1439: Completed
srun: Received task exit notification for 24 tasks (status=0x0000).
srun: nid00125: tasks 600-623: Completed
srun: Received task exit notification for 24 tasks (status=0x0000).
srun: nid00141: tasks 792-815: Completed
srun: Received task exit notification for 24 tasks (status=0x0000).
srun: nid00039: tasks 336-359: Completed
srun: Received task exit notification for 24 tasks (status=0x0000).
srun: nid00539: tasks 1512-1535: Completed
srun: Received task exit notification for 24 tasks (status=0x0000).
srun: nid00127: tasks 648-671: Completed
srun: Received task exit notification for 24 tasks (status=0x0000).
srun: nid00137: tasks 696-719: Completed
srun: Received task exit notification for 24 tasks (status=0x0000).
srun: nid00032: tasks 168-191: Completed
srun: Received task exit notification for 24 tasks (status=0x0000).
srun: nid00035: tasks 240-263: Completed
srun: Received task exit notification for 24 tasks (status=0x0000).
srun: nid00102: tasks 408-431: Completed
srun: Received task exit notification for 24 tasks (status=0x0000).
srun: nid00101: tasks 384-407: Completed
srun: Received task exit notification for 24 tasks (status=0x0000).
srun: nid00108: tasks 552-575: Completed
srun: Received task exit notification for 24 tasks (status=0x0000).
srun: nid00537: tasks 1464-1487: Completed
srun: Received task exit notification for 24 tasks (status=0x0000).
srun: nid00037: tasks 288-311: Completed
srun: Received task exit notification for 24 tasks (status=0x0000).
srun: nid00038: tasks 312-335: Completed
srun: Received task exit notification for 24 tasks (status=0x0000).
srun: nid00106: tasks 504-527: Completed
srun: Received task exit notification for 24 tasks (status=0x0000).
srun: nid00534: tasks 1392-1415: Completed
srun: Received task exit notification for 24 tasks (status=0x0000).
srun: nid00030: tasks 120-143: Completed
srun: Received task exit notification for 24 tasks (status=0x0000).
srun: nid00026: tasks 24-47: Completed
srun: Received task exit notification for 24 tasks (status=0x0000).
srun: nid00139: tasks 744-767: Completed
srun: Received task exit notification for 24 tasks (status=0x0000).
srun: nid00383: tasks 1272-1295: Completed
srun: Received task exit notification for 24 tasks (status=0x0000).
srun: nid00031: tasks 144-167: Completed
srun: Received task exit notification for 24 tasks (status=0x0000).
srun: nid00138: tasks 720-743: Completed
srun: Received task exit notification for 24 tasks (status=0x0000).
srun: nid00140: tasks 768-791: Completed
srun: Received task exit notification for 24 tasks (status=0x0000).
srun: nid00380: tasks 1200-1223: Completed
srun: Received task exit notification for 24 tasks (status=0x0000).
srun: nid00370: tasks 960-983: Completed
srun: Received task exit notification for 24 tasks (status=0x0000).
srun: nid00036: tasks 264-287: Completed
srun: Received task exit notification for 24 tasks (status=0x0000).
srun: nid00366: tasks 864-887: Completed
srun: Received task exit notification for 24 tasks (status=0x0000).
srun: nid00375: tasks 1080-1103: Completed
srun: Received task exit notification for 24 tasks (status=0x0000).
srun: nid00378: tasks 1152-1175: Completed
srun: Received task exit notification for 24 tasks (status=0x0000).
srun: nid00389: tasks 1320-1343: Completed
srun: Received task exit notification for 24 tasks (status=0x0000).
srun: nid00538: tasks 1488-1511: Completed
srun: Received task exit notification for 24 tasks (status=0x0000).
srun: nid00142: tasks 816-839: Completed
srun: Received task exit notification for 24 tasks (status=0x0000).
srun: nid00382: tasks 1248-1271: Completed
srun: Received task exit notification for 24 tasks (status=0x0000).
srun: nid00034: tasks 216-239: Completed
srun: Received task exit notification for 24 tasks (status=0x0000).
srun: nid00379: tasks 1176-1199: Completed
srun: Received task exit notification for 24 tasks (status=0x0000).
srun: nid00388: tasks 1296-1319: Completed
srun: Received task exit notification for 24 tasks (status=0x0000).
srun: nid00365: tasks 840-863: Completed
srun: Received task exit notification for 24 tasks (status=0x0000).
srun: nid00126: tasks 624-647: Completed
srun: Received task exit notification for 24 tasks (status=0x0000).
srun: nid00372: tasks 1008-1031: Completed
srun: Received task exit notification for 24 tasks (status=0x0000).
srun: nid00371: tasks 984-1007: Completed
srun: Received task exit notification for 24 tasks (status=0x0000).
srun: nid00376: tasks 1104-1127: Completed
srun: Received task exit notification for 24 tasks (status=0x0000).
srun: nid00374: tasks 1056-1079: Completed
srun: Received task exit notification for 24 tasks (status=0x0000).
srun: nid00390: tasks 1344-1367: Completed
srun: Received task exit notification for 24 tasks (status=0x0000).
srun: nid00368: tasks 912-935: Completed
srun: Received task exit notification for 24 tasks (status=0x0000).
srun: nid00107: tasks 528-551: Completed
srun: Received task exit notification for 24 tasks (status=0x0000).
srun: nid00369: tasks 936-959: Completed
srun: Received task exit notification for 24 tasks (status=0x0000).
srun: nid00367: tasks 888-911: Completed
srun: Received task exit notification for 24 tasks (status=0x0000).
srun: nid00109: tasks 576-599: Completed
srun: Received task exit notification for 24 tasks (status=0x0000).
srun: nid00381: tasks 1224-1247: Completed
srun: Received task exit notification for 24 tasks (status=0x0000).
srun: nid00373: tasks 1032-1055: Completed
srun: Received task exit notification for 24 tasks (status=0x0000).
srun: nid00377: tasks 1128-1151: Completed
srun: Received task exit notification for 24 tasks (status=0x0000).
srun: nid00027: tasks 48-71: Completed
srun: Received task exit notification for 24 tasks (status=0x0000).
srun: nid00040: tasks 360-383: Completed
srun: Received task exit notification for 24 tasks (status=0x0000).
srun: nid00028: tasks 72-95: Completed
srun: Received task exit notification for 24 tasks (status=0x0000).
srun: nid00025: tasks 0-23: Completed
Thu Jul 14 15:10:17 PDT 2016
