Tue Jul 19 11:14:58 PDT 2016
Compilation command: chpl -o transpose.x -O --fast transpose.chpl 
Chapel compiler version: 1.13.1.bbd420a
Chapel environment:
  CHPL_HOME: /global/homes/n/npadmana/edison/myWork/github.com/chapel
  CHPL_ATOMICS: intrinsics
  CHPL_AUX_FILESYS: none
  CHPL_COMM: none
  CHPL_COMM_SUBSTRATE: mpi
  CHPL_GASNET_SEGMENT: none
  CHPL_GMP: gmp
  CHPL_HOST_COMPILER: gnu
  CHPL_HOST_PLATFORM: cray-xc
  CHPL_HWLOC: none
  CHPL_LAUNCHER: none
  CHPL_LLVM: llvm
  CHPL_LOCALE_MODEL: flat
  CHPL_MAKE: gmake
  CHPL_MEM: jemalloc
  CHPL_NETWORK_ATOMICS: none
  CHPL_REGEXP: re2
  CHPL_TARGET_ARCH: sandybridge
  CHPL_TARGET_COMPILER: cray-prgenv-gnu
  CHPL_TARGET_PLATFORM: cray-xc
  CHPL_TASKS: fifo
  CHPL_TIMERS: generic
  CHPL_UNWIND: none
  CHPL_WIDE_POINTERS: struct
Parallel Research Kernels
Matrix Transpose: B= A^T
Matrix order = 49152
Tile size=32
Number of iterations = 25
Solution validates
Rate (MB/s): 13482  Avg time (s): 2.86713
Tue Jul 19 11:16:33 PDT 2016
